2008-12-14 13:57:35.984 GMT Thread[main,5,main] Cleanup action starting
java.sql.SQLException: Failed to start database 'c:\temp\AddressBook', see the next exception for details.
	at org.apache.derby.impl.jdbc.SQLExceptionFactory40.getSQLException(Unknown Source)
	at org.apache.derby.impl.jdbc.Util.newEmbedSQLException(Unknown Source)
	at org.apache.derby.impl.jdbc.Util.seeNextException(Unknown Source)
	at org.apache.derby.impl.jdbc.EmbedConnection.bootDatabase(Unknown Source)
	at org.apache.derby.impl.jdbc.EmbedConnection.<init>(Unknown Source)
	at org.apache.derby.impl.jdbc.EmbedConnection30.<init>(Unknown Source)
	at org.apache.derby.impl.jdbc.EmbedConnection40.<init>(Unknown Source)
	at org.apache.derby.jdbc.Driver40.getNewEmbedConnection(Unknown Source)
	at org.apache.derby.jdbc.InternalDriver.connect(Unknown Source)
	at org.apache.derby.jdbc.AutoloadedDriver.connect(Unknown Source)
	at java.sql.DriverManager.getConnection(Unknown Source)
	at java.sql.DriverManager.getConnection(Unknown Source)
	at PersonQueries.<init>(PersonQueries.java:27)
	at AddressBookDisplay.<init>(AddressBookDisplay.java:57)
	at AddressBookDisplay.main(AddressBookDisplay.java:343)
Caused by: java.sql.SQLException: Failed to start database 'c:\temp\AddressBook', see the next exception for details.
	at org.apache.derby.impl.jdbc.SQLExceptionFactory.getSQLException(Unknown Source)
	at org.apache.derby.impl.jdbc.SQLExceptionFactory40.wrapArgsForTransportAcrossDRDA(Unknown Source)
	... 15 more
Caused by: java.sql.SQLException: Another instance of Derby may have already booted the database C:\Temp\AddressBook.
	at org.apache.derby.impl.jdbc.SQLExceptionFactory.getSQLException(Unknown Source)
	at org.apache.derby.impl.jdbc.SQLExceptionFactory40.wrapArgsForTransportAcrossDRDA(Unknown Source)
	at org.apache.derby.impl.jdbc.SQLExceptionFactory40.getSQLException(Unknown Source)
	at org.apache.derby.impl.jdbc.Util.generateCsSQLException(Unknown Source)
	... 12 more
Caused by: ERROR XSDB6: Another instance of Derby may have already booted the database C:\Temp\AddressBook.
	at org.apache.derby.iapi.error.StandardException.newException(Unknown Source)
	at org.apache.derby.impl.store.raw.data.BaseDataFileFactory.privGetJBMSLockOnDB(Unknown Source)
	at org.apache.derby.impl.store.raw.data.BaseDataFileFactory.run(Unknown Source)
	at java.security.AccessController.doPrivileged(Native Method)
	at org.apache.derby.impl.store.raw.data.BaseDataFileFactory.getJBMSLockOnDB(Unknown Source)
	at org.apache.derby.impl.store.raw.data.BaseDataFileFactory.boot(Unknown Source)
	at org.apache.derby.impl.services.monitor.BaseMonitor.boot(Unknown Source)
	at org.apache.derby.impl.services.monitor.TopService.bootModule(Unknown Source)
	at org.apache.derby.impl.services.monitor.BaseMonitor.startModule(Unknown Source)
	at org.apache.derby.iapi.services.monitor.Monitor.bootServiceModule(Unknown Source)
	at org.apache.derby.impl.store.raw.RawStore.boot(Unknown Source)
	at org.apache.derby.impl.services.monitor.BaseMonitor.boot(Unknown Source)
	at org.apache.derby.impl.services.monitor.TopService.bootModule(Unknown Source)
	at org.apache.derby.impl.services.monitor.BaseMonitor.startModule(Unknown Source)
	at org.apache.derby.iapi.services.monitor.Monitor.bootServiceModule(Unknown Source)
	at org.apache.derby.impl.store.access.RAMAccessManager.boot(Unknown Source)
	at org.apache.derby.impl.services.monitor.BaseMonitor.boot(Unknown Source)
	at org.apache.derby.impl.services.monitor.TopService.bootModule(Unknown Source)
	at org.apache.derby.impl.services.monitor.BaseMonitor.startModule(Unknown Source)
	at org.apache.derby.iapi.services.monitor.Monitor.bootServiceModule(Unknown Source)
	at org.apache.derby.impl.db.BasicDatabase.bootStore(Unknown Source)
	at org.apache.derby.impl.db.BasicDatabase.boot(Unknown Source)
	at org.apache.derby.impl.services.monitor.BaseMonitor.boot(Unknown Source)
	at org.apache.derby.impl.services.monitor.TopService.bootModule(Unknown Source)
	at org.apache.derby.impl.services.monitor.BaseMonitor.bootService(Unknown Source)
	at org.apache.derby.impl.services.monitor.BaseMonitor.startProviderService(Unknown Source)
	at org.apache.derby.impl.services.monitor.BaseMonitor.findProviderAndStartService(Unknown Source)
	at org.apache.derby.impl.services.monitor.BaseMonitor.startPersistentService(Unknown Source)
	at org.apache.derby.iapi.services.monitor.Monitor.startPersistentService(Unknown Source)
	... 12 more
============= begin nested exception, level (1) ===========
java.sql.SQLException: Another instance of Derby may have already booted the database C:\Temp\AddressBook.
	at org.apache.derby.impl.jdbc.SQLExceptionFactory40.getSQLException(Unknown Source)
	at org.apache.derby.impl.jdbc.Util.generateCsSQLException(Unknown Source)
	at org.apache.derby.impl.jdbc.EmbedConnection.bootDatabase(Unknown Source)
	at org.apache.derby.impl.jdbc.EmbedConnection.<init>(Unknown Source)
	at org.apache.derby.impl.jdbc.EmbedConnection30.<init>(Unknown Source)
	at org.apache.derby.impl.jdbc.EmbedConnection40.<init>(Unknown Source)
	at org.apache.derby.jdbc.Driver40.getNewEmbedConnection(Unknown Source)
	at org.apache.derby.jdbc.InternalDriver.connect(Unknown Source)
	at org.apache.derby.jdbc.AutoloadedDriver.connect(Unknown Source)
	at java.sql.DriverManager.getConnection(Unknown Source)
	at java.sql.DriverManager.getConnection(Unknown Source)
	at PersonQueries.<init>(PersonQueries.java:27)
	at AddressBookDisplay.<init>(AddressBookDisplay.java:57)
	at AddressBookDisplay.main(AddressBookDisplay.java:343)
Caused by: java.sql.SQLException: Another instance of Derby may have already booted the database C:\Temp\AddressBook.
	at org.apache.derby.impl.jdbc.SQLExceptionFactory.getSQLException(Unknown Source)
	at org.apache.derby.impl.jdbc.SQLExceptionFactory40.wrapArgsForTransportAcrossDRDA(Unknown Source)
	... 14 more
Caused by: ERROR XSDB6: Another instance of Derby may have already booted the database C:\Temp\AddressBook.
	at org.apache.derby.iapi.error.StandardException.newException(Unknown Source)
	at org.apache.derby.impl.store.raw.data.BaseDataFileFactory.privGetJBMSLockOnDB(Unknown Source)
	at org.apache.derby.impl.store.raw.data.BaseDataFileFactory.run(Unknown Source)
	at java.security.AccessController.doPrivileged(Native Method)
	at org.apache.derby.impl.store.raw.data.BaseDataFileFactory.getJBMSLockOnDB(Unknown Source)
	at org.apache.derby.impl.store.raw.data.BaseDataFileFactory.boot(Unknown Source)
	at org.apache.derby.impl.services.monitor.BaseMonitor.boot(Unknown Source)
	at org.apache.derby.impl.services.monitor.TopService.bootModule(Unknown Source)
	at org.apache.derby.impl.services.monitor.BaseMonitor.startModule(Unknown Source)
	at org.apache.derby.iapi.services.monitor.Monitor.bootServiceModule(Unknown Source)
	at org.apache.derby.impl.store.raw.RawStore.boot(Unknown Source)
	at org.apache.derby.impl.services.monitor.BaseMonitor.boot(Unknown Source)
	at org.apache.derby.impl.services.monitor.TopService.bootModule(Unknown Source)
	at org.apache.derby.impl.services.monitor.BaseMonitor.startModule(Unknown Source)
	at org.apache.derby.iapi.services.monitor.Monitor.bootServiceModule(Unknown Source)
	at org.apache.derby.impl.store.access.RAMAccessManager.boot(Unknown Source)
	at org.apache.derby.impl.services.monitor.BaseMonitor.boot(Unknown Source)
	at org.apache.derby.impl.services.monitor.TopService.bootModule(Unknown Source)
	at org.apache.derby.impl.services.monitor.BaseMonitor.startModule(Unknown Source)
	at org.apache.derby.iapi.services.monitor.Monitor.bootServiceModule(Unknown Source)
	at org.apache.derby.impl.db.BasicDatabase.bootStore(Unknown Source)
	at org.apache.derby.impl.db.BasicDatabase.boot(Unknown Source)
	at org.apache.derby.impl.services.monitor.BaseMonitor.boot(Unknown Source)
	at org.apache.derby.impl.services.monitor.TopService.bootModule(Unknown Source)
	at org.apache.derby.impl.services.monitor.BaseMonitor.bootService(Unknown Source)
	at org.apache.derby.impl.services.monitor.BaseMonitor.startProviderService(Unknown Source)
	at org.apache.derby.impl.services.monitor.BaseMonitor.findProviderAndStartService(Unknown Source)
	at org.apache.derby.impl.services.monitor.BaseMonitor.startPersistentService(Unknown Source)
	at org.apache.derby.iapi.services.monitor.Monitor.startPersistentService(Unknown Source)
	... 12 more
============= end nested exception, level (1) ===========
============= begin nested exception, level (2) ===========
java.sql.SQLException: Another instance of Derby may have already booted the database C:\Temp\AddressBook.
	at org.apache.derby.impl.jdbc.SQLExceptionFactory.getSQLException(Unknown Source)
	at org.apache.derby.impl.jdbc.SQLExceptionFactory40.wrapArgsForTransportAcrossDRDA(Unknown Source)
	at org.apache.derby.impl.jdbc.SQLExceptionFactory40.getSQLException(Unknown Source)
	at org.apache.derby.impl.jdbc.Util.generateCsSQLException(Unknown Source)
	at org.apache.derby.impl.jdbc.EmbedConnection.bootDatabase(Unknown Source)
	at org.apache.derby.impl.jdbc.EmbedConnection.<init>(Unknown Source)
	at org.apache.derby.impl.jdbc.EmbedConnection30.<init>(Unknown Source)
	at org.apache.derby.impl.jdbc.EmbedConnection40.<init>(Unknown Source)
	at org.apache.derby.jdbc.Driver40.getNewEmbedConnection(Unknown Source)
	at org.apache.derby.jdbc.InternalDriver.connect(Unknown Source)
	at org.apache.derby.jdbc.AutoloadedDriver.connect(Unknown Source)
	at java.sql.DriverManager.getConnection(Unknown Source)
	at java.sql.DriverManager.getConnection(Unknown Source)
	at PersonQueries.<init>(PersonQueries.java:27)
	at AddressBookDisplay.<init>(AddressBookDisplay.java:57)
	at AddressBookDisplay.main(AddressBookDisplay.java:343)
Caused by: ERROR XSDB6: Another instance of Derby may have already booted the database C:\Temp\AddressBook.
	at org.apache.derby.iapi.error.StandardException.newException(Unknown Source)
	at org.apache.derby.impl.store.raw.data.BaseDataFileFactory.privGetJBMSLockOnDB(Unknown Source)
	at org.apache.derby.impl.store.raw.data.BaseDataFileFactory.run(Unknown Source)
	at java.security.AccessController.doPrivileged(Native Method)
	at org.apache.derby.impl.store.raw.data.BaseDataFileFactory.getJBMSLockOnDB(Unknown Source)
	at org.apache.derby.impl.store.raw.data.BaseDataFileFactory.boot(Unknown Source)
	at org.apache.derby.impl.services.monitor.BaseMonitor.boot(Unknown Source)
	at org.apache.derby.impl.services.monitor.TopService.bootModule(Unknown Source)
	at org.apache.derby.impl.services.monitor.BaseMonitor.startModule(Unknown Source)
	at org.apache.derby.iapi.services.monitor.Monitor.bootServiceModule(Unknown Source)
	at org.apache.derby.impl.store.raw.RawStore.boot(Unknown Source)
	at org.apache.derby.impl.services.monitor.BaseMonitor.boot(Unknown Source)
	at org.apache.derby.impl.services.monitor.TopService.bootModule(Unknown Source)
	at org.apache.derby.impl.services.monitor.BaseMonitor.startModule(Unknown Source)
	at org.apache.derby.iapi.services.monitor.Monitor.bootServiceModule(Unknown Source)
	at org.apache.derby.impl.store.access.RAMAccessManager.boot(Unknown Source)
	at org.apache.derby.impl.services.monitor.BaseMonitor.boot(Unknown Source)
	at org.apache.derby.impl.services.monitor.TopService.bootModule(Unknown Source)
	at org.apache.derby.impl.services.monitor.BaseMonitor.startModule(Unknown Source)
	at org.apache.derby.iapi.services.monitor.Monitor.bootServiceModule(Unknown Source)
	at org.apache.derby.impl.db.BasicDatabase.bootStore(Unknown Source)
	at org.apache.derby.impl.db.BasicDatabase.boot(Unknown Source)
	at org.apache.derby.impl.services.monitor.BaseMonitor.boot(Unknown Source)
	at org.apache.derby.impl.services.monitor.TopService.bootModule(Unknown Source)
	at org.apache.derby.impl.services.monitor.BaseMonitor.bootService(Unknown Source)
	at org.apache.derby.impl.services.monitor.BaseMonitor.startProviderService(Unknown Source)
	at org.apache.derby.impl.services.monitor.BaseMonitor.findProviderAndStartService(Unknown Source)
	at org.apache.derby.impl.services.monitor.BaseMonitor.startPersistentService(Unknown Source)
	at org.apache.derby.iapi.services.monitor.Monitor.startPersistentService(Unknown Source)
	... 12 more
============= end nested exception, level (2) ===========
============= begin nested exception, level (3) ===========
ERROR XSDB6: Another instance of Derby may have already booted the database C:\Temp\AddressBook.
	at org.apache.derby.iapi.error.StandardException.newException(Unknown Source)
	at org.apache.derby.impl.store.raw.data.BaseDataFileFactory.privGetJBMSLockOnDB(Unknown Source)
	at org.apache.derby.impl.store.raw.data.BaseDataFileFactory.run(Unknown Source)
	at java.security.AccessController.doPrivileged(Native Method)
	at org.apache.derby.impl.store.raw.data.BaseDataFileFactory.getJBMSLockOnDB(Unknown Source)
	at org.apache.derby.impl.store.raw.data.BaseDataFileFactory.boot(Unknown Source)
	at org.apache.derby.impl.services.monitor.BaseMonitor.boot(Unknown Source)
	at org.apache.derby.impl.services.monitor.TopService.bootModule(Unknown Source)
	at org.apache.derby.impl.services.monitor.BaseMonitor.startModule(Unknown Source)
	at org.apache.derby.iapi.services.monitor.Monitor.bootServiceModule(Unknown Source)
	at org.apache.derby.impl.store.raw.RawStore.boot(Unknown Source)
	at org.apache.derby.impl.services.monitor.BaseMonitor.boot(Unknown Source)
	at org.apache.derby.impl.services.monitor.TopService.bootModule(Unknown Source)
	at org.apache.derby.impl.services.monitor.BaseMonitor.startModule(Unknown Source)
	at org.apache.derby.iapi.services.monitor.Monitor.bootServiceModule(Unknown Source)
	at org.apache.derby.impl.store.access.RAMAccessManager.boot(Unknown Source)
	at org.apache.derby.impl.services.monitor.BaseMonitor.boot(Unknown Source)
	at org.apache.derby.impl.services.monitor.TopService.bootModule(Unknown Source)
	at org.apache.derby.impl.services.monitor.BaseMonitor.startModule(Unknown Source)
	at org.apache.derby.iapi.services.monitor.Monitor.bootServiceModule(Unknown Source)
	at org.apache.derby.impl.db.BasicDatabase.bootStore(Unknown Source)
	at org.apache.derby.impl.db.BasicDatabase.boot(Unknown Source)
	at org.apache.derby.impl.services.monitor.BaseMonitor.boot(Unknown Source)
	at org.apache.derby.impl.services.monitor.TopService.bootModule(Unknown Source)
	at org.apache.derby.impl.services.monitor.BaseMonitor.bootService(Unknown Source)
	at org.apache.derby.impl.services.monitor.BaseMonitor.startProviderService(Unknown Source)
	at org.apache.derby.impl.services.monitor.BaseMonitor.findProviderAndStartService(Unknown Source)
	at org.apache.derby.impl.services.monitor.BaseMonitor.startPersistentService(Unknown Source)
	at org.apache.derby.iapi.services.monitor.Monitor.startPersistentService(Unknown Source)
	at org.apache.derby.impl.jdbc.EmbedConnection.bootDatabase(Unknown Source)
	at org.apache.derby.impl.jdbc.EmbedConnection.<init>(Unknown Source)
	at org.apache.derby.impl.jdbc.EmbedConnection30.<init>(Unknown Source)
	at org.apache.derby.impl.jdbc.EmbedConnection40.<init>(Unknown Source)
	at org.apache.derby.jdbc.Driver40.getNewEmbedConnection(Unknown Source)
	at org.apache.derby.jdbc.InternalDriver.connect(Unknown Source)
	at org.apache.derby.jdbc.AutoloadedDriver.connect(Unknown Source)
	at java.sql.DriverManager.getConnection(Unknown Source)
	at java.sql.DriverManager.getConnection(Unknown Source)
	at PersonQueries.<init>(PersonQueries.java:27)
	at AddressBookDisplay.<init>(AddressBookDisplay.java:57)
	at AddressBookDisplay.main(AddressBookDisplay.java:343)
============= end nested exception, level (3) ===========
Cleanup action completed
